2022/09/09 07:47:49 [notice] 1#1: using the "epoll" event method
2022/09/09 07:47:49 [notice] 1#1: nginx/1.23.1
2022/09/09 07:47:49 [notice] 1#1: built by gcc 10.2.1 20210110 (Debian 10.2.1-6) 
2022/09/09 07:47:49 [notice] 1#1: OS: Linux 5.10.104-linuxkit
2022/09/09 07:47:49 [notice] 1#1: getrlimit(RLIMIT_NOFILE): 1048576:1048576
2022/09/09 07:47:49 [notice] 1#1: start worker processes
2022/09/09 07:47:49 [notice] 1#1: start worker process 22
2022/09/09 07:47:49 [notice] 1#1: start worker process 23
2022/09/09 07:47:49 [notice] 1#1: start worker process 24
2022/09/09 07:47:49 [notice] 1#1: start worker process 25
2022/09/09 07:49:07 [notice] 1#1: using the "epoll" event method
2022/09/09 07:49:07 [notice] 1#1: nginx/1.23.1
2022/09/09 07:49:07 [notice] 1#1: built by gcc 10.2.1 20210110 (Debian 10.2.1-6) 
2022/09/09 07:49:07 [notice] 1#1: OS: Linux 5.10.104-linuxkit
2022/09/09 07:49:07 [notice] 1#1: getrlimit(RLIMIT_NOFILE): 1048576:1048576
2022/09/09 07:49:07 [notice] 1#1: start worker processes
2022/09/09 07:49:07 [notice] 1#1: start worker process 31
2022/09/09 07:49:07 [notice] 1#1: start worker process 32
2022/09/09 07:49:07 [notice] 1#1: start worker process 33
2022/09/09 07:49:07 [notice] 1#1: start worker process 34
2022/09/09 07:49:13 [error] 32#32: *2 open() "/usr/share/nginx/html/favicon.ico" failed (2: No such file or directory), client: 172.22.0.1, server: localhost, request: "GET /favicon.ico HTTP/1.1", host: "localhost", referrer: "http://localhost/"
2022/09/09 07:49:45 [notice] 1#1: using the "epoll" event method
2022/09/09 07:49:45 [notice] 1#1: nginx/1.23.1
2022/09/09 07:49:45 [notice] 1#1: built by gcc 10.2.1 20210110 (Debian 10.2.1-6) 
2022/09/09 07:49:45 [notice] 1#1: OS: Linux 5.10.104-linuxkit
2022/09/09 07:49:45 [notice] 1#1: getrlimit(RLIMIT_NOFILE): 1048576:1048576
2022/09/09 07:49:45 [notice] 1#1: start worker processes
2022/09/09 07:49:45 [notice] 1#1: start worker process 32
2022/09/09 07:49:45 [notice] 1#1: start worker process 33
2022/09/09 07:49:45 [notice] 1#1: start worker process 34
2022/09/09 07:49:45 [notice] 1#1: start worker process 35
2022/09/09 07:49:50 [notice] 1#1: using the "epoll" event method
2022/09/09 07:49:50 [notice] 1#1: nginx/1.23.1
2022/09/09 07:49:50 [notice] 1#1: built by gcc 10.2.1 20210110 (Debian 10.2.1-6) 
2022/09/09 07:49:50 [notice] 1#1: OS: Linux 5.10.104-linuxkit
2022/09/09 07:49:50 [notice] 1#1: getrlimit(RLIMIT_NOFILE): 1048576:1048576
2022/09/09 07:49:50 [notice] 1#1: start worker processes
2022/09/09 07:49:50 [notice] 1#1: start worker process 25
2022/09/09 07:49:50 [notice] 1#1: start worker process 26
2022/09/09 07:49:50 [notice] 1#1: start worker process 27
2022/09/09 07:49:50 [notice] 1#1: start worker process 28
2022/09/09 07:52:09 [notice] 1#1: using the "epoll" event method
2022/09/09 07:52:09 [notice] 1#1: nginx/1.23.1
2022/09/09 07:52:09 [notice] 1#1: built by gcc 10.2.1 20210110 (Debian 10.2.1-6) 
2022/09/09 07:52:09 [notice] 1#1: OS: Linux 5.10.104-linuxkit
2022/09/09 07:52:09 [notice] 1#1: getrlimit(RLIMIT_NOFILE): 1048576:1048576
2022/09/09 07:52:09 [notice] 1#1: start worker processes
2022/09/09 07:52:09 [notice] 1#1: start worker process 23
2022/09/09 07:52:09 [notice] 1#1: start worker process 24
2022/09/09 07:52:09 [notice] 1#1: start worker process 25
2022/09/09 07:52:09 [notice] 1#1: start worker process 26
2022/09/09 07:52:13 [error] 24#24: *2 "/var/www/hello.dev/index.php" is not found (2: No such file or directory), client: 172.22.0.1, server: hello.dev, request: "GET / HTTP/1.1", host: "localhost"
2022/09/09 07:52:14 [error] 24#24: *2 "/var/www/hello.dev/index.php" is not found (2: No such file or directory), client: 172.22.0.1, server: hello.dev, request: "GET / HTTP/1.1", host: "localhost"
2022/09/09 07:54:55 [error] 26#26: *4 "/var/www/hello.dev/index.php" is not found (2: No such file or directory), client: 172.22.0.1, server: hello.dev, request: "GET / HTTP/1.1", host: "localhost"
2022/09/09 07:54:56 [error] 26#26: *4 "/var/www/hello.dev/index.php" is not found (2: No such file or directory), client: 172.22.0.1, server: hello.dev, request: "GET / HTTP/1.1", host: "localhost"
2022/09/09 07:55:46 [notice] 1#1: using the "epoll" event method
2022/09/09 07:55:46 [notice] 1#1: nginx/1.23.1
2022/09/09 07:55:46 [notice] 1#1: built by gcc 10.2.1 20210110 (Debian 10.2.1-6) 
2022/09/09 07:55:46 [notice] 1#1: OS: Linux 5.10.104-linuxkit
2022/09/09 07:55:46 [notice] 1#1: getrlimit(RLIMIT_NOFILE): 1048576:1048576
2022/09/09 07:55:46 [notice] 1#1: start worker processes
2022/09/09 07:55:46 [notice] 1#1: start worker process 24
2022/09/09 07:55:46 [notice] 1#1: start worker process 25
2022/09/09 07:55:46 [notice] 1#1: start worker process 26
2022/09/09 07:55:46 [notice] 1#1: start worker process 27
2022/09/09 07:55:51 [error] 25#25: *1 "/var/www/hello.dev/index.php" is not found (2: No such file or directory), client: 172.22.0.1, server: hello.dev, request: "GET / HTTP/1.1", host: "localhost"
2022/09/09 07:55:52 [error] 25#25: *1 "/var/www/hello.dev/index.php" is not found (2: No such file or directory), client: 172.22.0.1, server: hello.dev, request: "GET / HTTP/1.1", host: "localhost"
2022/09/09 07:55:52 [error] 25#25: *1 "/var/www/hello.dev/index.php" is not found (2: No such file or directory), client: 172.22.0.1, server: hello.dev, request: "GET / HTTP/1.1", host: "localhost"
2022/09/09 07:56:01 [notice] 1#1: using the "epoll" event method
2022/09/09 07:56:01 [notice] 1#1: nginx/1.23.1
2022/09/09 07:56:01 [notice] 1#1: built by gcc 10.2.1 20210110 (Debian 10.2.1-6) 
2022/09/09 07:56:01 [notice] 1#1: OS: Linux 5.10.104-linuxkit
2022/09/09 07:56:01 [notice] 1#1: getrlimit(RLIMIT_NOFILE): 1048576:1048576
2022/09/09 07:56:01 [notice] 1#1: start worker processes
2022/09/09 07:56:01 [notice] 1#1: start worker process 24
2022/09/09 07:56:01 [notice] 1#1: start worker process 25
2022/09/09 07:56:01 [notice] 1#1: start worker process 26
2022/09/09 07:56:01 [notice] 1#1: start worker process 27
2022/09/09 07:56:03 [error] 25#25: *1 "/var/www/hello.dev/index.php" is not found (2: No such file or directory), client: 172.22.0.1, server: hello.dev, request: "GET / HTTP/1.1", host: "localhost"
2022/09/09 07:56:03 [error] 25#25: *1 "/var/www/hello.dev/index.php" is not found (2: No such file or directory), client: 172.22.0.1, server: hello.dev, request: "GET / HTTP/1.1", host: "localhost"
2022/09/09 07:56:04 [error] 25#25: *1 "/var/www/hello.dev/index.php" is not found (2: No such file or directory), client: 172.22.0.1, server: hello.dev, request: "GET / HTTP/1.1", host: "localhost"
